<?xml version="1.0" encoding="UTF-8"?>
<!-- Generated by org.testng.reporters.JUnitXMLReporter -->
<testsuite hostname="DESKTOP-5AQQLV6" name="Test" tests="3" failures="0" timestamp="15 Apr 2019 08:49:54 GMT" time="254.185" errors="0">
  <testcase name="testValidLoginLogout" time="11.636" classname="com.actitime.tests.ValidLoginLogoutTest"/>
  <testcase name="testInvalidLogin" time="35.642" classname="com.actitime.tests.InvalidLoginTest"/>
  <testcase name="testVerifyVersion" time="0.198" classname="com.actitime.tests.VerifyVersionTest"/>
</testsuite> <!-- Test -->
